<?xml version="1.0" encoding="UTF-8"?>
<testng-results ignored="0" total="1" passed="1" failed="0" skipped="0">
  <reporter-output>
  </reporter-output>
  <suite started-at="2023-01-04T14:45:13Z" name="Default suite" finished-at="2023-01-04T14:45:58Z" duration-ms="45158">
    <groups>
    </groups>
    <test started-at="2023-01-04T14:45:13Z" name="Default test" finished-at="2023-01-04T14:45:58Z" duration-ms="45158">
      <class name="puma.OrderShoe">
        <test-method is-config="true" signature="startReport()[pri:0, instance:puma.OrderShoe@4b8729ff]" started-at="2023-01-04T14:45:12Z" name="startReport" finished-at="2023-01-04T14:45:13Z" duration-ms="194" status="PASS">
          <reporter-output>
          </reporter-output>
        </test-method> <!-- startReport -->
        <test-method is-config="true" signature="beforeTest()[pri:0, instance:puma.OrderShoe@4b8729ff]" started-at="2023-01-04T14:45:13Z" name="beforeTest" finished-at="2023-01-04T14:45:13Z" duration-ms="1" status="PASS">
          <reporter-output>
          </reporter-output>
        </test-method> <!-- beforeTest -->
        <test-method is-config="true" signature="report()[pri:0, instance:puma.OrderShoe@4b8729ff]" started-at="2023-01-04T14:45:13Z" name="report" finished-at="2023-01-04T14:45:13Z" duration-ms="11" status="PASS">
          <reporter-output>
          </reporter-output>
        </test-method> <!-- report -->
        <test-method is-config="true" signature="beforeClass()[pri:0, instance:puma.OrderShoe@4b8729ff]" started-at="2023-01-04T14:45:13Z" name="beforeClass" finished-at="2023-01-04T14:45:13Z" duration-ms="1" status="PASS">
          <reporter-output>
          </reporter-output>
        </test-method> <!-- beforeClass -->
        <test-method is-config="true" signature="beforeMethod()[pri:0, instance:puma.OrderShoe@4b8729ff]" started-at="2023-01-04T14:45:13Z" name="beforeMethod" finished-at="2023-01-04T14:45:22Z" duration-ms="9266" status="PASS">
          <reporter-output>
          </reporter-output>
        </test-method> <!-- beforeMethod -->
        <test-method signature="pumaOrderShoe()[pri:0, instance:puma.OrderShoe@4b8729ff]" started-at="2023-01-04T14:45:22Z" name="pumaOrderShoe" finished-at="2023-01-04T14:45:57Z" duration-ms="35592" status="PASS">
          <reporter-output>
          </reporter-output>
        </test-method> <!-- pumaOrderShoe -->
        <test-method is-config="true" signature="afterMethod()[pri:0, instance:puma.OrderShoe@4b8729ff]" started-at="2023-01-04T14:45:57Z" name="afterMethod" finished-at="2023-01-04T14:45:58Z" duration-ms="253" status="PASS">
          <reporter-output>
          </reporter-output>
        </test-method> <!-- afterMethod -->
        <test-method is-config="true" signature="stopReport()[pri:0, instance:puma.OrderShoe@4b8729ff]" started-at="2023-01-04T14:45:58Z" name="stopReport" finished-at="2023-01-04T14:45:58Z" duration-ms="585" status="PASS">
          <reporter-output>
          </reporter-output>
        </test-method> <!-- stopReport -->
      </class> <!-- puma.OrderShoe -->
    </test> <!-- Default test -->
  </suite> <!-- Default suite -->
</testng-results>
